# JRE version: Java(TM) SE Runtime Environment (21.0.4+8) (build 21.0.4+8-LTS-274)
# Java VM: Java HotSpot(TM) 64-Bit Server VM (21.0.4+8-LTS-274, mixed mode, sharing, tiered, compressed oops, compressed class ptrs, g1 gc, windows-amd64)
GC Precious Log:
 CardTable entry size: 512
 Card Set container configuration: InlinePtr #cards 4 size 8 Array Of Cards #cards 16 size 48 Howl #buckets 8 coarsen threshold 3686 Howl Bitmap #cards 512 size 80 coarsen threshold 460 Card regions per heap region 1 cards per card region 4096
 CPUs: 20 total, 20 available
 Memory: 16003M
 Large Page Support: Disabled
 NUMA Support: Disabled
 Compressed Oops: Enabled (Zero based)
 Heap Region Size: 2M
 Heap Min Capacity: 8M
 Heap Initial Capacity: 252M
 Heap Max Capacity: 4002M
 Pre-touch: Disabled
 Parallel Workers: 15
 Concurrent Workers: 4
 Concurrent Refinement Workers: 15
 Periodic GC: Disabled
Heap:
 garbage-first heap   total 86016K, used 27711K [0x0000000705e00000, 0x0000000800000000)
  region size 2048K, 2 young (4096K), 1 survivors (2048K)
 Metaspace       used 30591K, committed 31040K, reserved 1114112K
  class space    used 3511K, committed 3712K, reserved 1048576K
GC Heap History (14 events):
Event: 10.330 GC heap before
{Heap before GC invocations=0 (full 0):
 garbage-first heap   total 258048K, used 20480K [0x0000000705e00000, 0x0000000800000000)
  region size 2048K, 11 young (22528K), 0 survivors (0K)
 Metaspace       used 5581K, committed 5824K, reserved 1114112K
  class space    used 641K, committed 768K, reserved 1048576K
}
Event: 10.337 GC heap after
{Heap after GC invocations=1 (full 0):
 garbage-first heap   total 258048K, used 4070K [0x0000000705e00000, 0x0000000800000000)
  region size 2048K, 2 young (4096K), 2 survivors (4096K)
 Metaspace       used 5581K, committed 5824K, reserved 1114112K
  class space    used 641K, committed 768K, reserved 1048576K
}
Event: 11.475 GC heap before
{Heap before GC invocations=1 (full 0):
 garbage-first heap   total 258048K, used 32742K [0x0000000705e00000, 0x0000000800000000)
  region size 2048K, 16 young (32768K), 2 survivors (4096K)
 Metaspace       used 8415K, committed 8640K, reserved 1114112K
  class space    used 988K, committed 1088K, reserved 1048576K
}
Event: 11.483 GC heap after
{Heap after GC invocations=2 (full 0):
 garbage-first heap   total 258048K, used 5103K [0x0000000705e00000, 0x0000000800000000)
  region size 2048K, 1 young (2048K), 1 survivors (2048K)
 Metaspace       used 8415K, committed 8640K, reserved 1114112K
  class space    used 988K, committed 1088K, reserved 1048576K
}
Event: 15.012 GC heap before
{Heap before GC invocations=2 (full 0):
 garbage-first heap   total 258048K, used 76783K [0x0000000705e00000, 0x0000000800000000)
  region size 2048K, 38 young (77824K), 1 survivors (2048K)
 Metaspace       used 21216K, committed 21504K, reserved 1114112K
  class space    used 2498K, committed 2624K, reserved 1048576K
}
Event: 15.024 GC heap after
{Heap after GC invocations=3 (full 0):
 garbage-first heap   total 258048K, used 11237K [0x0000000705e00000, 0x0000000800000000)
  region size 2048K, 4 young (8192K), 4 survivors (8192K)
 Metaspace       used 21216K, committed 21504K, reserved 1114112K
  class space    used 2498K, committed 2624K, reserved 1048576K
}
Event: 16.021 GC heap before
{Heap before GC invocations=4 (full 0):
 garbage-first heap   total 49152K, used 48101K [0x0000000705e00000, 0x0000000800000000)
  region size 2048K, 22 young (45056K), 4 survivors (8192K)
 Metaspace       used 26094K, committed 26432K, reserved 1114112K
  class space    used 3011K, committed 3136K, reserved 1048576K
}
Event: 16.043 GC heap after
{Heap after GC invocations=5 (full 0):
 garbage-first heap   total 65536K, used 20087K [0x0000000705e00000, 0x0000000800000000)
  region size 2048K, 8 young (16384K), 8 survivors (16384K)
 Metaspace       used 26094K, committed 26432K, reserved 1114112K
  class space    used 3011K, committed 3136K, reserved 1048576K
}
Event: 17.192 GC heap before
{Heap before GC invocations=5 (full 0):
 garbage-first heap   total 65536K, used 42615K [0x0000000705e00000, 0x0000000800000000)
  region size 2048K, 19 young (38912K), 8 survivors (16384K)
 Metaspace       used 27922K, committed 28288K, reserved 1114112K
  class space    used 3201K, committed 3328K, reserved 1048576K
}
Event: 17.218 GC heap after
{Heap after GC invocations=6 (full 0):
 garbage-first heap   total 65536K, used 23073K [0x0000000705e00000, 0x0000000800000000)
  region size 2048K, 2 young (4096K), 2 survivors (4096K)
 Metaspace       used 27922K, committed 28288K, reserved 1114112K
  class space    used 3201K, committed 3328K, reserved 1048576K
}
Event: 18.470 GC heap before
{Heap before GC invocations=6 (full 0):
 garbage-first heap   total 65536K, used 51745K [0x0000000705e00000, 0x0000000800000000)
  region size 2048K, 16 young (32768K), 2 survivors (4096K)
 Metaspace       used 29070K, committed 29440K, reserved 1114112K
  class space    used 3300K, committed 3456K, reserved 1048576K
}
Event: 18.484 GC heap after
{Heap after GC invocations=7 (full 0):
 garbage-first heap   total 65536K, used 26649K [0x0000000705e00000, 0x0000000800000000)
  region size 2048K, 2 young (4096K), 2 survivors (4096K)
 Metaspace       used 29070K, committed 29440K, reserved 1114112K
  class space    used 3300K, committed 3456K, reserved 1048576K
}
Event: 19.350 GC heap before
{Heap before GC invocations=7 (full 0):
 garbage-first heap   total 65536K, used 53273K [0x0000000705e00000, 0x0000000800000000)
  region size 2048K, 15 young (30720K), 2 survivors (4096K)
 Metaspace       used 30588K, committed 31040K, reserved 1114112K
  class space    used 3511K, committed 3712K, reserved 1048576K
}
Event: 19.359 GC heap after
{Heap after GC invocations=8 (full 0):
 garbage-first heap   total 86016K, used 27711K [0x0000000705e00000, 0x0000000800000000)
  region size 2048K, 1 young (2048K), 1 survivors (2048K)
 Metaspace       used 30588K, committed 31040K, reserved 1114112K
  class space    used 3511K, committed 3712K, reserved 1048576K
}

